<?xml version="1.0" encoding="UTF-8"?>
<!-- Generated by org.testng.reporters.JUnitReportReporter -->
<testsuite hostname="DESKTOP-720IL86" failures="0" tests="1" name="com.HRA.Practice_Package.Class_Test" time="0.019" errors="0" timestamp="2023-08-07T12:07:39 IST" skipped="0">
  <testcase classname="com.HRA.Practice_Package.Class_Test" name="send_SMS" time="0.019"/>
  <system-out/>
</testsuite> <!-- com.HRA.Practice_Package.Class_Test -->
