<?xml version="1.0" encoding="UTF-8"?>
<!-- Generated by org.testng.reporters.JUnitReportReporter -->
<testsuite hostname="DESKTOP-720IL86" failures="0" tests="3" name="com.HRA.Practice_Package.BrokenLinksInEPFO" time="0.026" errors="0" timestamp="04 Aug 2023 05:56:47 GMT" skipped="0">
  <testcase classname="com.HRA.Practice_Package.BrokenLinksInEPFO" name="editAction" time="0.003"/>
  <testcase classname="com.HRA.Practice_Package.BrokenLinksInEPFO" name="brokenLink" time="0.016"/>
  <testcase classname="com.HRA.Practice_Package.BrokenLinksInEPFO" name="editAction" time="0.007"/>
</testsuite> <!-- com.HRA.Practice_Package.BrokenLinksInEPFO -->
