<?xml version="1.0" encoding="UTF-8"?>
<!-- Generated by org.testng.reporters.JUnitReportReporter -->
<testsuite hostname="DESKTOP-720IL86" failures="0" tests="6" name="com.HRA.Practice_Package.FetchStoredData" time="0.026" errors="0" timestamp="2023-08-04T13:44:08 IST" skipped="0">
  <testcase classname="com.HRA.Practice_Package.FetchStoredData" name="fetchDetails" time="0.006"/>
  <system-out/>
  <testcase classname="com.HRA.Practice_Package.FetchStoredData" name="fetchDetails" time="0.002"/>
  <system-out/>
  <testcase classname="com.HRA.Practice_Package.FetchStoredData" name="fetchData" time="0.012"/>
  <system-out/>
  <testcase classname="com.HRA.Practice_Package.FetchStoredData" name="fetchData" time="0.002"/>
  <system-out/>
  <testcase classname="com.HRA.Practice_Package.FetchStoredData" name="fetchDetails" time="0.002"/>
  <system-out/>
  <testcase classname="com.HRA.Practice_Package.FetchStoredData" name="fetchData" time="0.002"/>
  <system-out/>
</testsuite> <!-- com.HRA.Practice_Package.FetchStoredData -->
