<?xml version="1.0" encoding="UTF-8"?>
<!-- Generated by org.testng.reporters.JUnitReportReporter -->
<testsuite hostname="DESKTOP-720IL86" failures="0" tests="1" name="HRA_Smoke.User_Registration_Test" time="14.071" errors="0" timestamp="2023-08-09T16:26:51 IST" skipped="0">
  <testcase classname="HRA_Smoke.User_Registration_Test" name="userReg" time="14.071"/>
  <system-out/>
</testsuite> <!-- HRA_Smoke.User_Registration_Test -->
