<?xml version="1.0" encoding="UTF-8"?>
<!-- Generated by org.testng.reporters.JUnitReportReporter -->
<testsuite hostname="DESKTOP-720IL86" failures="0" tests="2" name="com.HRA.Practice_Package.BaseClass_Test" time="0.015" errors="0" timestamp="2023-08-07T12:07:39 IST" skipped="0">
  <testcase classname="com.HRA.Practice_Package.BaseClass_Test" name="individual_Home_Reg" time="0.009"/>
  <system-out/>
  <testcase classname="com.HRA.Practice_Package.BaseClass_Test" name="apartment_Reg" time="0.006"/>
  <system-out/>
</testsuite> <!-- com.HRA.Practice_Package.BaseClass_Test -->
