<?xml version="1.0" encoding="UTF-8"?>
<!-- Generated by org.testng.reporters.JUnitReportReporter -->
<testsuite hostname="DESKTOP-720IL86" failures="0" tests="1" name="com.HRA.Practice_Package.BrokenLinks3" time="86.815" errors="0" timestamp="20 Jul 2023 02:00:04 GMT" skipped="0">
  <testcase classname="com.HRA.Practice_Package.BrokenLinks3" name="m1" time="86.815"/>
</testsuite> <!-- com.HRA.Practice_Package.BrokenLinks3 -->
