<?xml version="1.0" encoding="UTF-8"?>
<!-- Generated by org.testng.reporters.JUnitReportReporter -->
<testsuite hostname="DESKTOP-720IL86" failures="0" tests="1" name="com.HRA.Practice_Package.ReadDataFromCmdLineTest" time="21.091" errors="0" timestamp="28 Jul 2023 12:02:05 GMT" skipped="0">
  <testcase classname="com.HRA.Practice_Package.ReadDataFromCmdLineTest" name="readDataFromCmdLine" time="21.091"/>
</testsuite> <!-- com.HRA.Practice_Package.ReadDataFromCmdLineTest -->
