<?xml version="1.0" encoding="UTF-8"?>
<!-- Generated by org.testng.reporters.JUnitReportReporter -->
<testsuite hostname="DESKTOP-720IL86" failures="0" tests="3" name="com.HRA.Practice_Package.StoreData" time="0.015" errors="0" timestamp="2023-08-04T13:28:12 IST" skipped="0">
  <testcase classname="com.HRA.Practice_Package.StoreData" name="fetchData" time="0.011"/>
  <system-out/>
  <testcase classname="com.HRA.Practice_Package.StoreData" name="fetchData" time="0.002"/>
  <system-out/>
  <testcase classname="com.HRA.Practice_Package.StoreData" name="fetchData" time="0.002"/>
  <system-out/>
</testsuite> <!-- com.HRA.Practice_Package.StoreData -->
