<?xml version="1.0" encoding="UTF-8"?>
<!-- Generated by org.testng.reporters.JUnitReportReporter -->
<testsuite hostname="DESKTOP-720IL86" failures="0" tests="1" name="HRA_Integration.ApartmentRegisterAsUserTest" time="22.095" errors="0" timestamp="2023-08-09T13:19:19 IST" skipped="0">
  <testcase classname="HRA_Integration.ApartmentRegisterAsUserTest" name="regAsUser" time="22.095"/>
  <system-out/>
</testsuite> <!-- HRA_Integration.ApartmentRegisterAsUserTest -->
