<?xml version="1.0" encoding="UTF-8"?>
<!-- Generated by org.testng.reporters.JUnitReportReporter -->
<testsuite hostname="DESKTOP-720IL86" failures="0" tests="3" name="com.HRA.Practice_Package.Apa_Test" time="0.010" errors="0" timestamp="2023-08-08T09:51:51 IST" skipped="0">
  <testcase classname="com.HRA.Practice_Package.Apa_Test" name="createApa" time="0.005"/>
  <system-out/>
  <testcase classname="com.HRA.Practice_Package.Apa_Test" name="deleteApa" time="0.002"/>
  <system-out/>
  <testcase classname="com.HRA.Practice_Package.Apa_Test" name="editApa" time="0.003"/>
  <system-out/>
</testsuite> <!-- com.HRA.Practice_Package.Apa_Test -->
