<?xml version="1.0" encoding="UTF-8"?>
<!-- Generated by org.testng.reporters.JUnitReportReporter -->
<testsuite hostname="DESKTOP-720IL86" failures="0" tests="1" name="HRA_Integration.editAndVerifyTest" time="18.509" errors="0" timestamp="2023-08-08T16:09:27 IST" skipped="0">
  <testcase classname="HRA_Integration.editAndVerifyTest" name="editAndVerify" time="18.509"/>
  <system-out/>
</testsuite> <!-- HRA_Integration.editAndVerifyTest -->
