<?xml version="1.0" encoding="UTF-8"?>
<!-- Generated by org.testng.reporters.JUnitReportReporter -->
<testsuite hostname="DESKTOP-720IL86" failures="0" tests="6" name="com.HRA.Practice_Package.testNg" time="0.036" errors="0" timestamp="2023-08-04T12:40:42 IST" skipped="0">
  <testcase classname="com.HRA.Practice_Package.testNg" name="b" time="0.005"/>
  <system-out/>
  <testcase classname="com.HRA.Practice_Package.testNg" name="x" time="0.003"/>
  <system-out/>
  <testcase classname="com.HRA.Practice_Package.testNg" name="y" time="0.004"/>
  <system-out/>
  <testcase classname="com.HRA.Practice_Package.testNg" name="c" time="0.017"/>
  <system-out/>
  <testcase classname="com.HRA.Practice_Package.testNg" name="z" time="0.003"/>
  <system-out/>
  <testcase classname="com.HRA.Practice_Package.testNg" name="a" time="0.004"/>
  <system-out/>
</testsuite> <!-- com.HRA.Practice_Package.testNg -->
