<?xml version="1.0" encoding="UTF-8"?>
<!-- Generated by org.testng.reporters.JUnitReportReporter -->
<testsuite hostname="DESKTOP-720IL86" failures="0" tests="1" name="com.HRA.Practice_Package.SoftAssertTest" time="34.841" errors="0" timestamp="2023-08-09T18:49:06 IST" skipped="0">
  <testcase classname="com.HRA.Practice_Package.SoftAssertTest" name="softAssert" time="34.841"/>
  <system-out/>
</testsuite> <!-- com.HRA.Practice_Package.SoftAssertTest -->
