<?xml version="1.0" encoding="UTF-8"?>
<!-- Generated by org.testng.reporters.JUnitReportReporter -->
<testsuite hostname="DESKTOP-720IL86" failures="0" tests="2" name="com.HRA.Practice_Package.anotationsTest" time="0.038" errors="0" timestamp="2023-08-11T15:47:49 IST" skipped="0">
  <testcase classname="com.HRA.Practice_Package.anotationsTest" name="Test2" time="0.007"/>
  <system-out/>
  <testcase classname="com.HRA.Practice_Package.anotationsTest" name="Test1" time="0.031"/>
  <system-out/>
</testsuite> <!-- com.HRA.Practice_Package.anotationsTest -->
