<?xml version="1.0" encoding="UTF-8"?>
<!-- Generated by org.testng.reporters.JUnitReportReporter -->
<testsuite hostname="DESKTOP-720IL86" failures="0" tests="1" name="HRA_System.Edit_Test" time="55.901" errors="0" timestamp="2023-08-08T17:02:44 IST" skipped="0">
  <testcase classname="HRA_System.Edit_Test" name="editTest" time="55.901"/>
  <system-out/>
</testsuite> <!-- HRA_System.Edit_Test -->
