<?xml version="1.0" encoding="UTF-8"?>
<!-- Generated by org.testng.reporters.JUnitReportReporter -->
<testsuite hostname="DESKTOP-720IL86" failures="0" tests="5" name="com.HRA.Practice_Package.GetMulDataFromExcelUsingDP" time="0.047" errors="0" timestamp="2023-08-04T18:05:26 IST" skipped="0">
  <testcase classname="com.HRA.Practice_Package.GetMulDataFromExcelUsingDP" name="executeData" time="0.004"/>
  <system-out/>
  <testcase classname="com.HRA.Practice_Package.GetMulDataFromExcelUsingDP" name="executeData" time="0.014"/>
  <system-out/>
  <testcase classname="com.HRA.Practice_Package.GetMulDataFromExcelUsingDP" name="executeData" time="0.004"/>
  <system-out/>
  <testcase classname="com.HRA.Practice_Package.GetMulDataFromExcelUsingDP" name="executeData" time="0.013"/>
  <system-out/>
  <testcase classname="com.HRA.Practice_Package.GetMulDataFromExcelUsingDP" name="executeData" time="0.012"/>
  <system-out/>
</testsuite> <!-- com.HRA.Practice_Package.GetMulDataFromExcelUsingDP -->
